<?xml version="1.0" encoding="UTF-8"?>
<!-- Generated by org.testng.reporters.JUnitReportReporter -->
<testsuite hostname="Vishnu" failures="0" tests="1" name="testcases.WishListTestCases" time="22.057" errors="0" timestamp="2024-02-12T16:26:35 IST" skipped="0">
  <testcase classname="testcases.WishListTestCases" name="testcaseone" time="22.057"/>
</testsuite> <!-- testcases.WishListTestCases -->
