<?xml version="1.0" encoding="UTF-8"?>
<!-- Generated by org.testng.reporters.JUnitReportReporter -->
<testsuite hostname="Vishnu" failures="0" tests="1" name="testcases.RegisterTestCases" time="6.337" errors="0" timestamp="2024-02-11T09:26:19 IST" skipped="0">
  <testcase classname="testcases.RegisterTestCases" name="testcasethirteen" time="6.337"/>
</testsuite> <!-- testcases.RegisterTestCases -->
