<?xml version="1.0" encoding="UTF-8"?>
<!-- Generated by org.testng.reporters.JUnitReportReporter -->
<testsuite hostname="Vishnu" failures="0" tests="1" name="testcases.LoginTestCases" time="15.373" errors="0" timestamp="2024-02-10T12:32:55 IST" skipped="0">
  <testcase classname="testcases.LoginTestCases" name="testcasenineteen" time="15.373"/>
</testsuite> <!-- testcases.LoginTestCases -->
